17:53:01 | [GroqAI] Base principal: ATIVOS.xlsx

Arquivos complementares: ADMISSÃO ABRIL.xlsx, AFASTAMENTOS.xlsx, APRENDIZ.xlsx, DESLIGADOS.xlsx, ESTÁGIO.xlsx, EXTERIOR.xlsx, FÉRIAS.xlsx

Ordem de processamento: 1. ATIVOS.xlsx, 2. Arquivos complementares (ordem alfabética), 3. VR MENSAL 05.2025.xlsx (para consolidar dados)
17:53:04 | [GroqAI] Baseado na estrutura de dados fornecida:

1. Quantos funcionários ativos temos: 1815
2. Colunas importantes para VR: MATRICULA, EMPRESA, TITULO DO CARGO, DESC. SITUACAO
3. Próximos passos para validação: Verificar se as informações estão consistentes e precisas, verificar se há dados duplicados ou ausentes, e verificar se as colunas estão corretamente mapeadas para o sistema de VR.
17:53:11 | [GroqAI] Baseado nos arquivos fornecidos, posso responder às suas perguntas:

1. Quantos funcionários em cada categoria:

* FÉRIAS: 80 funcionários
* DESLIGADOS: 51 funcionários
* ADMISSÃO ABRIL: 83 funcionários
* AFASTAMENTOS: 20 funcionários

2. Quais devem ser excluídos do VR:

* Os funcionários listados no arquivo DESLIGADOS.xlsx, pois eles estão desligados.

3. Como consolidar os dados:

* Consolidar os dados de ADMISSÃO ABRIL.xlsx e AFASTAMENTOS.xlsx em um único arquivo, considerando apenas as c...
17:53:13 | [GroqAI] Confirme:

1. Verifique se as exclusões estão corretas e se estão sendo aplicadas corretamente.
2. O número de funcionários elegíveis para VR dependerá das exclusões aplicadas. Verifique se estão sendo excluídos os funcionários corretos.
3. Próximo passo: Verifique se as regras de negócio para VR estão sendo aplicadas corretamente e se estão gerando resultados esperados.
17:53:16 | [GroqAI] 1. Sim, o cálculo está correto, pois a parte empresa é de 80% e a parte colaborador é de 20%.
2. Não, o valor está zerado, o que é improvável, pois os funcionários devem ter um valor de VR calculado.
3. Não, não é recomendável processar todos os funcionários assim, pois é necessário calcular o valor de VR para cada funcionário individualmente, considerando os dias úteis e o valor por dia.
